2022/07/21 13:16:31 [error] 1743#1743: *346155 FastCGI sent in stderr: "PHP message: An Error occurred while handling another error:
ReflectionException: Class "rmrevin\yii\fontawesome\CdnProAssetBundle" does not exist in /home/deubuntu/Web/xalqaro_qabul/vendor/yiisoft/yii2/di/Container.php:507
Stack trace:
#0 /home/deubuntu/Web/xalqaro_qabul/vendor/yiisoft/yii2/di/Container.php(507): ReflectionClass->__construct()
#1 /home/deubuntu/Web/xalqaro_qabul/vendor/yiisoft/yii2/di/Container.php(385): yii\di\Container->getDependencies()
#2 /home/deubuntu/Web/xalqaro_qabul/vendor/yiisoft/yii2/di/Container.php(170): yii\di\Container->build()
#3 /home/deubuntu/Web/xalqaro_qabul/vendor/yiisoft/yii2/BaseYii.php(365): yii\di\Container->get()
#4 /home/deubuntu/Web/xalqaro_qabul/vendor/yiisoft/yii2/web/AssetManager.php(286): yii\BaseYii::createObject()
#5 /home/deubuntu/Web/xalqaro_qabul/vendor/yiisoft/yii2/web/AssetManager.php(259): yii\web\AssetManager->loadBundle()
#6 /home/deubuntu/Web/xalqaro_qabul/vendor/yiisoft/yii2/web/View.php(294): yii\web\AssetManager->getBundle()
#7 /home/" while reading upstream, client: 195.158.31.180, server: xq.urdu.uz, request: "GET / HTTP/1.1", upstream: "fastcgi://unix:/var/run/php/php8.0-fpm.sock:", host: "xq.urdu.uz", referrer: "https://xq.urdu.uz/site/resume-send"
2022/07/21 13:16:36 [error] 1743#1743: *346155 FastCGI sent in stderr: "PHP message: An Error occurred while handling another error:
ReflectionException: Class "rmrevin\yii\fontawesome\CdnProAssetBundle" does not exist in /home/deubuntu/Web/xalqaro_qabul/vendor/yiisoft/yii2/di/Container.php:507
Stack trace:
#0 /home/deubuntu/Web/xalqaro_qabul/vendor/yiisoft/yii2/di/Container.php(507): ReflectionClass->__construct()
#1 /home/deubuntu/Web/xalqaro_qabul/vendor/yiisoft/yii2/di/Container.php(385): yii\di\Container->getDependencies()
#2 /home/deubuntu/Web/xalqaro_qabul/vendor/yiisoft/yii2/di/Container.php(170): yii\di\Container->build()
#3 /home/deubuntu/Web/xalqaro_qabul/vendor/yiisoft/yii2/BaseYii.php(365): yii\di\Container->get()
#4 /home/deubuntu/Web/xalqaro_qabul/vendor/yiisoft/yii2/web/AssetManager.php(286): yii\BaseYii::createObject()
#5 /home/deubuntu/Web/xalqaro_qabul/vendor/yiisoft/yii2/web/AssetManager.php(259): yii\web\AssetManager->loadBundle()
#6 /home/deubuntu/Web/xalqaro_qabul/vendor/yiisoft/yii2/web/View.php(294): yii\web\AssetManager->getBundle()
#7 /home/" while reading upstream, client: 195.158.31.180, server: xq.urdu.uz, request: "GET / HTTP/1.1", upstream: "fastcgi://unix:/var/run/php/php8.0-fpm.sock:", host: "xq.urdu.uz"
2022/07/21 13:16:45 [error] 1743#1743: *346155 FastCGI sent in stderr: "PHP message: An Error occurred while handling another error:
ReflectionException: Class "rmrevin\yii\fontawesome\CdnProAssetBundle" does not exist in /home/deubuntu/Web/xalqaro_qabul/vendor/yiisoft/yii2/di/Container.php:507
Stack trace:
#0 /home/deubuntu/Web/xalqaro_qabul/vendor/yiisoft/yii2/di/Container.php(507): ReflectionClass->__construct()
#1 /home/deubuntu/Web/xalqaro_qabul/vendor/yiisoft/yii2/di/Container.php(385): yii\di\Container->getDependencies()
#2 /home/deubuntu/Web/xalqaro_qabul/vendor/yiisoft/yii2/di/Container.php(170): yii\di\Container->build()
#3 /home/deubuntu/Web/xalqaro_qabul/vendor/yiisoft/yii2/BaseYii.php(365): yii\di\Container->get()
#4 /home/deubuntu/Web/xalqaro_qabul/vendor/yiisoft/yii2/web/AssetManager.php(286): yii\BaseYii::createObject()
#5 /home/deubuntu/Web/xalqaro_qabul/vendor/yiisoft/yii2/web/AssetManager.php(259): yii\web\AssetManager->loadBundle()
#6 /home/deubuntu/Web/xalqaro_qabul/vendor/yiisoft/yii2/web/View.php(294): yii\web\AssetManager->getBundle()
#7 /home/" while reading upstream, client: 195.158.31.180, server: xq.urdu.uz, request: "GET / HTTP/1.1", upstream: "fastcgi://unix:/var/run/php/php8.0-fpm.sock:", host: "xq.urdu.uz"
2022/07/21 13:16:50 [error] 1743#1743: *346155 FastCGI sent in stderr: "PHP message: An Error occurred while handling another error:
ReflectionException: Class "rmrevin\yii\fontawesome\CdnProAssetBundle" does not exist in /home/deubuntu/Web/xalqaro_qabul/vendor/yiisoft/yii2/di/Container.php:507
Stack trace:
#0 /home/deubuntu/Web/xalqaro_qabul/vendor/yiisoft/yii2/di/Container.php(507): ReflectionClass->__construct()
#1 /home/deubuntu/Web/xalqaro_qabul/vendor/yiisoft/yii2/di/Container.php(385): yii\di\Container->getDependencies()
#2 /home/deubuntu/Web/xalqaro_qabul/vendor/yiisoft/yii2/di/Container.php(170): yii\di\Container->build()
#3 /home/deubuntu/Web/xalqaro_qabul/vendor/yiisoft/yii2/BaseYii.php(365): yii\di\Container->get()
#4 /home/deubuntu/Web/xalqaro_qabul/vendor/yiisoft/yii2/web/AssetManager.php(286): yii\BaseYii::createObject()
#5 /home/deubuntu/Web/xalqaro_qabul/vendor/yiisoft/yii2/web/AssetManager.php(259): yii\web\AssetManager->loadBundle()
#6 /home/deubuntu/Web/xalqaro_qabul/vendor/yiisoft/yii2/web/View.php(294): yii\web\AssetManager->getBundle()
#7 /home/" while reading upstream, client: 195.158.31.180, server: xq.urdu.uz, request: "GET / HTTP/1.1", upstream: "fastcgi://unix:/var/run/php/php8.0-fpm.sock:", host: "xq.urdu.uz"
2022/07/21 13:16:57 [error] 1743#1743: *346155 FastCGI sent in stderr: "PHP message: An Error occurred while handling another error:
ReflectionException: Class "rmrevin\yii\fontawesome\CdnProAssetBundle" does not exist in /home/deubuntu/Web/xalqaro_qabul/vendor/yiisoft/yii2/di/Container.php:507
Stack trace:
#0 /home/deubuntu/Web/xalqaro_qabul/vendor/yiisoft/yii2/di/Container.php(507): ReflectionClass->__construct()
#1 /home/deubuntu/Web/xalqaro_qabul/vendor/yiisoft/yii2/di/Container.php(385): yii\di\Container->getDependencies()
#2 /home/deubuntu/Web/xalqaro_qabul/vendor/yiisoft/yii2/di/Container.php(170): yii\di\Container->build()
#3 /home/deubuntu/Web/xalqaro_qabul/vendor/yiisoft/yii2/BaseYii.php(365): yii\di\Container->get()
#4 /home/deubuntu/Web/xalqaro_qabul/vendor/yiisoft/yii2/web/AssetManager.php(286): yii\BaseYii::createObject()
#5 /home/deubuntu/Web/xalqaro_qabul/vendor/yiisoft/yii2/web/AssetManager.php(259): yii\web\AssetManager->loadBundle()
#6 /home/deubuntu/Web/xalqaro_qabul/vendor/yiisoft/yii2/web/View.php(294): yii\web\AssetManager->getBundle()
#7 /home/" while reading upstream, client: 195.158.31.180, server: xq.urdu.uz, request: "GET / HTTP/1.1", upstream: "fastcgi://unix:/var/run/php/php8.0-fpm.sock:", host: "xq.urdu.uz"
2022/07/21 13:16:59 [error] 1743#1743: *346155 FastCGI sent in stderr: "PHP message: An Error occurred while handling another error:
ReflectionException: Class "rmrevin\yii\fontawesome\CdnProAssetBundle" does not exist in /home/deubuntu/Web/xalqaro_qabul/vendor/yiisoft/yii2/di/Container.php:507
Stack trace:
#0 /home/deubuntu/Web/xalqaro_qabul/vendor/yiisoft/yii2/di/Container.php(507): ReflectionClass->__construct()
#1 /home/deubuntu/Web/xalqaro_qabul/vendor/yiisoft/yii2/di/Container.php(385): yii\di\Container->getDependencies()
#2 /home/deubuntu/Web/xalqaro_qabul/vendor/yiisoft/yii2/di/Container.php(170): yii\di\Container->build()
#3 /home/deubuntu/Web/xalqaro_qabul/vendor/yiisoft/yii2/BaseYii.php(365): yii\di\Container->get()
#4 /home/deubuntu/Web/xalqaro_qabul/vendor/yiisoft/yii2/web/AssetManager.php(286): yii\BaseYii::createObject()
#5 /home/deubuntu/Web/xalqaro_qabul/vendor/yiisoft/yii2/web/AssetManager.php(259): yii\web\AssetManager->loadBundle()
#6 /home/deubuntu/Web/xalqaro_qabul/vendor/yiisoft/yii2/web/View.php(294): yii\web\AssetManager->getBundle()
#7 /home/" while reading upstream, client: 195.158.31.180, server: xq.urdu.uz, request: "GET / HTTP/1.1", upstream: "fastcgi://unix:/var/run/php/php8.0-fpm.sock:", host: "xq.urdu.uz"
2022/07/21 13:17:01 [error] 1743#1743: *346155 FastCGI sent in stderr: "PHP message: An Error occurred while handling another error:
ReflectionException: Class "rmrevin\yii\fontawesome\CdnProAssetBundle" does not exist in /home/deubuntu/Web/xalqaro_qabul/vendor/yiisoft/yii2/di/Container.php:507
Stack trace:
#0 /home/deubuntu/Web/xalqaro_qabul/vendor/yiisoft/yii2/di/Container.php(507): ReflectionClass->__construct()
#1 /home/deubuntu/Web/xalqaro_qabul/vendor/yiisoft/yii2/di/Container.php(385): yii\di\Container->getDependencies()
#2 /home/deubuntu/Web/xalqaro_qabul/vendor/yiisoft/yii2/di/Container.php(170): yii\di\Container->build()
#3 /home/deubuntu/Web/xalqaro_qabul/vendor/yiisoft/yii2/BaseYii.php(365): yii\di\Container->get()
#4 /home/deubuntu/Web/xalqaro_qabul/vendor/yiisoft/yii2/web/AssetManager.php(286): yii\BaseYii::createObject()
#5 /home/deubuntu/Web/xalqaro_qabul/vendor/yiisoft/yii2/web/AssetManager.php(259): yii\web\AssetManager->loadBundle()
#6 /home/deubuntu/Web/xalqaro_qabul/vendor/yiisoft/yii2/web/View.php(294): yii\web\AssetManager->getBundle()
#7 /home/" while reading upstream, client: 195.158.31.180, server: xq.urdu.uz, request: "GET / HTTP/1.1", upstream: "fastcgi://unix:/var/run/php/php8.0-fpm.sock:", host: "xq.urdu.uz"
2022/07/21 13:17:06 [error] 1743#1743: *346414 FastCGI sent in stderr: "PHP message: An Error occurred while handling another error:
ReflectionException: Class "rmrevin\yii\fontawesome\CdnProAssetBundle" does not exist in /home/deubuntu/Web/xalqaro_qabul/vendor/yiisoft/yii2/di/Container.php:507
Stack trace:
#0 /home/deubuntu/Web/xalqaro_qabul/vendor/yiisoft/yii2/di/Container.php(507): ReflectionClass->__construct()
#1 /home/deubuntu/Web/xalqaro_qabul/vendor/yiisoft/yii2/di/Container.php(385): yii\di\Container->getDependencies()
#2 /home/deubuntu/Web/xalqaro_qabul/vendor/yiisoft/yii2/di/Container.php(170): yii\di\Container->build()
#3 /home/deubuntu/Web/xalqaro_qabul/vendor/yiisoft/yii2/BaseYii.php(365): yii\di\Container->get()
#4 /home/deubuntu/Web/xalqaro_qabul/vendor/yiisoft/yii2/web/AssetManager.php(286): yii\BaseYii::createObject()
#5 /home/deubuntu/Web/xalqaro_qabul/vendor/yiisoft/yii2/web/AssetManager.php(259): yii\web\AssetManager->loadBundle()
#6 /home/deubuntu/Web/xalqaro_qabul/vendor/yiisoft/yii2/web/View.php(294): yii\web\AssetManager->getBundle()
#7 /home/" while reading upstream, client: 195.158.31.180, server: xq.urdu.uz, request: "GET / HTTP/1.1", upstream: "fastcgi://unix:/var/run/php/php8.0-fpm.sock:", host: "xq.urdu.uz", referrer: "https://xq.urdu.uz/site/resume-send"
